2025-12-01 16:45:18, MOVE, v:1, k:poo@agenda, mode:PICK
2025-12-01 16:45:19, EXEC, v:1, k:poo@agenda, mode:FULL, rate:87
2025-12-01 16:48:04, EXEC, v:1, k:poo@agenda, mode:FULL, rate:0, size:152
2025-12-01 16:48:04, EXEC, v:1, k:poo@agenda, mode:FULL, rate:0, size:152
2025-12-01 16:48:04, EXEC, v:1, k:poo@agenda, mode:FULL, rate:0, size:152
2025-12-01 16:48:04, EXEC, v:1, k:poo@agenda, mode:FULL, rate:0, size:152
2025-12-01 16:48:05, EXEC, v:1, k:poo@agenda, mode:FULL, rate:0, size:152
2025-12-01 16:48:05, EXEC, v:1, k:poo@agenda, mode:FULL, rate:0
2025-12-01 16:48:05, EXEC, v:1, k:poo@agenda, mode:FULL, rate:0
2025-12-01 16:48:05, EXEC, v:1, k:poo@agenda, mode:FULL, rate:0
2025-12-01 16:48:27, MOVE, v:1, k:poo@agenda, mode:BACK
2025-12-01 16:52:11, MOVE, v:1, k:poo@agenda, mode:PICK
2025-12-01 16:52:12, EXEC, v:1, k:poo@agenda, mode:FULL, rate:0
2025-12-01 16:52:30, EXEC, v:1, k:poo@agenda, mode:FULL, rate:0, size:152
2025-12-01 16:52:50, EXEC, v:1, k:poo@agenda, mode:FULL, rate:87, size:153
2025-12-01 16:53:15, MOVE, v:1, k:poo@agenda, mode:BACK
2025-12-01 16:56:02, MOVE, v:1, k:poo@agenda, mode:PICK
2025-12-01 16:56:03, EXEC, v:1, k:poo@agenda, mode:FULL, rate:87
2025-12-01 16:56:19, EXEC, v:1, k:poo@agenda, mode:FULL, rate:0, size:153
2025-12-01 16:56:22, EXEC, v:1, k:poo@agenda, mode:FULL, rate:0
2025-12-01 16:56:23, EXEC, v:1, k:poo@agenda, mode:FULL, rate:0
2025-12-01 16:56:24, EXEC, v:1, k:poo@agenda, mode:FULL, rate:0
2025-12-01 16:56:35, EXEC, v:1, k:poo@agenda, mode:FULL, rate:87, size:153
2025-12-01 16:56:39, MOVE, v:1, k:poo@agenda, mode:BACK
2025-12-01 16:56:50, MOVE, v:1, k:poo@agenda, mode:PICK
2025-12-01 16:56:51, EXEC, v:1, k:poo@agenda, mode:FULL, rate:87
2025-12-01 17:00:09, EXEC, v:1, k:poo@agenda, mode:FULL, rate:0, size:156
2025-12-01 17:00:44, EXEC, v:1, k:poo@agenda, mode:FULL, rate:0, size:136
2025-12-01 17:00:52, EXEC, v:1, k:poo@agenda, mode:FULL, rate:0
2025-12-01 17:00:54, MOVE, v:1, k:poo@agenda, mode:BACK
2025-12-01 17:01:04, MOVE, v:1, k:poo@agenda, mode:PICK
2025-12-01 17:01:05, EXEC, v:1, k:poo@agenda, mode:FULL, rate:0
2025-12-01 17:01:37, EXEC, v:1, k:poo@agenda, mode:FULL, rate:25, size:138
2025-12-01 17:02:24, EXEC, v:1, k:poo@agenda, mode:FULL, rate:0, size:142
2025-12-01 17:02:44, EXEC, v:1, k:poo@agenda, mode:FULL, rate:25, size:142
2025-12-01 17:03:40, EXEC, v:1, k:poo@agenda, mode:FULL, rate:25, size:144
2025-12-01 17:04:06, EXEC, v:1, k:poo@agenda, mode:FULL, rate:62, size:145
2025-12-01 17:04:55, EXEC, v:1, k:poo@agenda, mode:FULL, rate:0, size:148
2025-12-01 17:05:01, EXEC, v:1, k:poo@agenda, mode:FULL, rate:62, size:148
2025-12-01 17:06:28, EXEC, v:1, k:poo@agenda, mode:FULL, rate:62, size:151
2025-12-01 17:06:44, EXEC, v:1, k:poo@agenda, mode:FULL, rate:62, size:152
2025-12-01 17:07:24, EXEC, v:1, k:poo@agenda, mode:FULL, rate:87, size:154
2025-12-01 17:07:33, EXEC, v:1, k:poo@agenda, mode:FULL, rate:87
2025-12-01 17:08:08, EXEC, v:1, k:poo@agenda, mode:FULL, rate:87, size:156
2025-12-01 17:08:34, EXEC, v:1, k:poo@agenda, mode:FULL, rate:100, size:157
2025-12-01 17:08:45, MOVE, v:1, k:poo@agenda, mode:BACK
2025-12-01 17:09:39, SELF, v:1, k:poo@agenda, rate:100
